# JRE version: Java(TM) SE Runtime Environment (8.0_60-b27) (build 1.8.0_60-b27)
# Java VM: Java HotSpot(TM) 64-Bit Server VM (25.60-b23 mixed mode windows-amd64 compressed oops)
Heap:
 PSYoungGen      total 217600K, used 154948K [0x000000076af80000, 0x0000000779580000, 0x00000007c0000000)
  eden space 203264K, 69% used [0x000000076af80000,0x00000007738f0088,0x0000000777600000)
  from space 14336K, 99% used [0x0000000778780000,0x0000000779561168,0x0000000779580000)
  to   space 15872K, 0% used [0x0000000777680000,0x0000000777680000,0x0000000778600000)
 ParOldGen       total 164864K, used 19168K [0x00000006c0e00000, 0x00000006caf00000, 0x000000076af80000)
  object space 164864K, 11% used [0x00000006c0e00000,0x00000006c20b8220,0x00000006caf00000)
 Metaspace       used 52990K, capacity 53492K, committed 53888K, reserved 1095680K
  class space    used 6853K, capacity 7016K, committed 7040K, reserved 1048576K
GC Heap History (10 events):
Event: 2.728 GC heap before
{Heap before GC invocations=6 (full 1):
 PSYoungGen      total 104448K, used 102744K [0x000000076af80000, 0x0000000772200000, 0x00000007c0000000)
  eden space 93696K, 100% used [0x000000076af80000,0x0000000770b00000,0x0000000770b00000)
  from space 10752K, 84% used [0x0000000771580000,0x0000000771e562f0,0x0000000772000000)
  to   space 10752K, 0% used [0x0000000770b00000,0x0000000770b00000,0x0000000771580000)
 ParOldGen       total 114688K, used 10580K [0x00000006c0e00000, 0x00000006c7e00000, 0x000000076af80000)
  object space 114688K, 9% used [0x00000006c0e00000,0x00000006c1855090,0x00000006c7e00000)
 Metaspace       used 29670K, capacity 29960K, committed 30208K, reserved 1075200K
  class space    used 3684K, capacity 3773K, committed 3840K, reserved 1048576K
Event: 2.737 GC heap after
Heap after GC invocations=6 (full 1):
 PSYoungGen      total 104448K, used 10504K [0x000000076af80000, 0x0000000774f80000, 0x00000007c0000000)
  eden space 93696K, 0% used [0x000000076af80000,0x000000076af80000,0x0000000770b00000)
  from space 10752K, 97% used [0x0000000770b00000,0x0000000771542000,0x0000000771580000)
  to   space 14336K, 0% used [0x0000000774180000,0x0000000774180000,0x0000000774f80000)
 ParOldGen       total 114688K, used 10588K [0x00000006c0e00000, 0x00000006c7e00000, 0x000000076af80000)
  object space 114688K, 9% used [0x00000006c0e00000,0x00000006c1857090,0x00000006c7e00000)
 Metaspace       used 29670K, capacity 29960K, committed 30208K, reserved 1075200K
  class space    used 3684K, capacity 3773K, committed 3840K, reserved 1048576K
}
Event: 3.549 GC heap before
{Heap before GC invocations=7 (full 1):
 PSYoungGen      total 104448K, used 104200K [0x000000076af80000, 0x0000000774f80000, 0x00000007c0000000)
  eden space 93696K, 100% used [0x000000076af80000,0x0000000770b00000,0x0000000770b00000)
  from space 10752K, 97% used [0x0000000770b00000,0x0000000771542000,0x0000000771580000)
  to   space 14336K, 0% used [0x0000000774180000,0x0000000774180000,0x0000000774f80000)
 ParOldGen       total 114688K, used 10588K [0x00000006c0e00000, 0x00000006c7e00000, 0x000000076af80000)
  object space 114688K, 9% used [0x00000006c0e00000,0x00000006c1857090,0x00000006c7e00000)
 Metaspace       used 33538K, capacity 33876K, committed 34048K, reserved 1079296K
  class space    used 4239K, capacity 4351K, committed 4352K, reserved 1048576K
Event: 3.557 GC heap after
Heap after GC invocations=7 (full 1):
 PSYoungGen      total 146432K, used 12612K [0x000000076af80000, 0x0000000774f00000, 0x00000007c0000000)
  eden space 132608K, 0% used [0x000000076af80000,0x000000076af80000,0x0000000773100000)
  from space 13824K, 91% used [0x0000000774180000,0x0000000774dd1138,0x0000000774f00000)
  to   space 15360K, 0% used [0x0000000773100000,0x0000000773100000,0x0000000774000000)
 ParOldGen       total 114688K, used 10596K [0x00000006c0e00000, 0x00000006c7e00000, 0x000000076af80000)
  object space 114688K, 9% used [0x00000006c0e00000,0x00000006c1859090,0x00000006c7e00000)
 Metaspace       used 33538K, capacity 33876K, committed 34048K, reserved 1079296K
  class space    used 4239K, capacity 4351K, committed 4352K, reserved 1048576K
}
Event: 3.662 GC heap before
{Heap before GC invocations=8 (full 1):
 PSYoungGen      total 146432K, used 24263K [0x000000076af80000, 0x0000000774f00000, 0x00000007c0000000)
  eden space 132608K, 8% used [0x000000076af80000,0x000000076bae0d38,0x0000000773100000)
  from space 13824K, 91% used [0x0000000774180000,0x0000000774dd1138,0x0000000774f00000)
  to   space 15360K, 0% used [0x0000000773100000,0x0000000773100000,0x0000000774000000)
 ParOldGen       total 114688K, used 10596K [0x00000006c0e00000, 0x00000006c7e00000, 0x000000076af80000)
  object space 114688K, 9% used [0x00000006c0e00000,0x00000006c1859090,0x00000006c7e00000)
 Metaspace       used 34902K, capacity 35220K, committed 35496K, reserved 1081344K
  class space    used 4437K, capacity 4543K, committed 4608K, reserved 1048576K
Event: 3.669 GC heap after
Heap after GC invocations=8 (full 1):
 PSYoungGen      total 147968K, used 10802K [0x000000076af80000, 0x0000000779600000, 0x00000007c0000000)
  eden space 132608K, 0% used [0x000000076af80000,0x000000076af80000,0x0000000773100000)
  from space 15360K, 70% used [0x0000000773100000,0x0000000773b8c890,0x0000000774000000)
  to   space 14848K, 0% used [0x0000000778780000,0x0000000778780000,0x0000000779600000)
 ParOldGen       total 114688K, used 10604K [0x00000006c0e00000, 0x00000006c7e00000, 0x000000076af80000)
  object space 114688K, 9% used [0x00000006c0e00000,0x00000006c185b090,0x00000006c7e00000)
 Metaspace       used 34902K, capacity 35220K, committed 35496K, reserved 1081344K
  class space    used 4437K, capacity 4543K, committed 4608K, reserved 1048576K
}
Event: 3.669 GC heap before
{Heap before GC invocations=9 (full 2):
 PSYoungGen      total 147968K, used 10802K [0x000000076af80000, 0x0000000779600000, 0x00000007c0000000)
  eden space 132608K, 0% used [0x000000076af80000,0x000000076af80000,0x0000000773100000)
  from space 15360K, 70% used [0x0000000773100000,0x0000000773b8c890,0x0000000774000000)
  to   space 14848K, 0% used [0x0000000778780000,0x0000000778780000,0x0000000779600000)
 ParOldGen       total 114688K, used 10604K [0x00000006c0e00000, 0x00000006c7e00000, 0x000000076af80000)
  object space 114688K, 9% used [0x00000006c0e00000,0x00000006c185b090,0x00000006c7e00000)
 Metaspace       used 34902K, capacity 35220K, committed 35496K, reserved 1081344K
  class space    used 4437K, capacity 4543K, committed 4608K, reserved 1048576K
Event: 3.714 GC heap after
Heap after GC invocations=9 (full 2):
 PSYoungGen      total 147968K, used 0K [0x000000076af80000, 0x0000000779600000, 0x00000007c0000000)
  eden space 132608K, 0% used [0x000000076af80000,0x000000076af80000,0x0000000773100000)
  from space 15360K, 0% used [0x0000000773100000,0x0000000773100000,0x0000000774000000)
  to   space 14848K, 0% used [0x0000000778780000,0x0000000778780000,0x0000000779600000)
 ParOldGen       total 164864K, used 19160K [0x00000006c0e00000, 0x00000006caf00000, 0x000000076af80000)
  object space 164864K, 11% used [0x00000006c0e00000,0x00000006c20b6220,0x00000006caf00000)
 Metaspace       used 34902K, capacity 35220K, committed 35496K, reserved 1081344K
  class space    used 4437K, capacity 4543K, committed 4608K, reserved 1048576K
}
Event: 4.930 GC heap before
{Heap before GC invocations=10 (full 2):
 PSYoungGen      total 147968K, used 132608K [0x000000076af80000, 0x0000000779600000, 0x00000007c0000000)
  eden space 132608K, 100% used [0x000000076af80000,0x0000000773100000,0x0000000773100000)
  from space 15360K, 0% used [0x0000000773100000,0x0000000773100000,0x0000000774000000)
  to   space 14848K, 0% used [0x0000000778780000,0x0000000778780000,0x0000000779600000)
 ParOldGen       total 164864K, used 19160K [0x00000006c0e00000, 0x00000006caf00000, 0x000000076af80000)
  object space 164864K, 11% used [0x00000006c0e00000,0x00000006c20b6220,0x00000006caf00000)
 Metaspace       used 46063K, capacity 46456K, committed 46848K, reserved 1089536K
  class space    used 5926K, capacity 6021K, committed 6144K, reserved 1048576K
Event: 4.941 GC heap after
Heap after GC invocations=10 (full 2):
 PSYoungGen      total 217600K, used 14212K [0x000000076af80000, 0x0000000779580000, 0x00000007c0000000)
  eden space 203264K, 0% used [0x000000076af80000,0x000000076af80000,0x0000000777600000)
  from space 14336K, 99% used [0x0000000778780000,0x0000000779561168,0x0000000779580000)
  to   space 15872K, 0% used [0x0000000777680000,0x0000000777680000,0x0000000778600000)
 ParOldGen       total 164864K, used 19168K [0x00000006c0e00000, 0x00000006caf00000, 0x000000076af80000)
  object space 164864K, 11% used [0x00000006c0e00000,0x00000006c20b8220,0x00000006caf00000)
 Metaspace       used 46063K, capacity 46456K, committed 46848K, reserved 1089536K
  class space    used 5926K, capacity 6021K, committed 6144K, reserved 1048576K
}

